make --dry-run --keep-going --print-directory
make: Entering directory `/Users/aapresya/Desktop/so_long'
gcc -O3 -Wall -Wextra -Werror   -c -o read_map.o read_map.c
 
gcc -O3 -Wall -Wextra -Werror   -c -o sprites.o sprites.c
echo [so_long] Compiling mlx...
/Applications/Xcode.app/Contents/Developer/usr/bin/make -C ./mlx
 
make[1]: Entering directory `/Users/aapresya/Desktop/so_long/mlx'
swiftc  -I. -parse-as-library -c mlx_image.swift -o mlx_image.swiftmodule -emit-module -module-name mlx_image -module-link-name mlx_image
 
swiftc  -I. -parse-as-library -c mlx_window.swift -o mlx_window.swiftmodule -emit-module -module-name mlx_window -module-link-name mlx_window
 
swiftc  -I. -parse-as-library -c mlx_init.swift -o mlx_init.swiftmodule -emit-module -module-name mlx_init -module-link-name mlx_init
 
swiftc  -I. -parse-as-library -c interface.swift -o interface.o
swiftc  -I. -parse-as-library -c mlx_image.swift -o mlx_image.o
swiftc  -I. -parse-as-library -c mlx_window.swift -o mlx_window.o
swiftc  -I. -parse-as-library -c mlx_init.swift -o mlx_init.o
cc -O3   -c -o mlx_xpm.o mlx_xpm.c
 
cc -O3   -c -o mlx_png.o mlx_png.c
cc -O3   -c -o mlx_string_put.o mlx_string_put.c
swiftc  -I. -o libmlx.dylib -emit-library interface.o mlx_image.o mlx_window.o mlx_init.o mlx_xpm.o mlx_png.o mlx_string_put.o -lz
make[1]: Leaving directory `/Users/aapresya/Desktop/so_long/mlx'
echo [so_long] Compiling libft...
/Applications/Xcode.app/Contents/Developer/usr/bin/make -C ./libft
 
make[1]: Entering directory `/Users/aapresya/Desktop/so_long/libft'
gcc  -c ft_atoi.c -o ft_atoi.o
 
gcc  -c ft_bzero.c -o ft_bzero.o
gcc  -c ft_calloc.c -o ft_calloc.o
gcc  -c ft_isalnum.c -o ft_isalnum.o
gcc  -c ft_isalpha.c -o ft_isalpha.o
 
gcc  -c ft_isascii.c -o ft_isascii.o
gcc  -c ft_isdigit.c -o ft_isdigit.o
gcc  -c ft_isprint.c -o ft_isprint.o
gcc  -c ft_itoa.c -o ft_itoa.o
gcc  -c ft_memccpy.c -o ft_memccpy.o
gcc  -c ft_memchr.c -o ft_memchr.o
 
gcc  -c ft_memcmp.c -o ft_memcmp.o
gcc  -c ft_memcpy.c -o ft_memcpy.o
gcc  -c ft_memset.c -o ft_memset.o
gcc  -c ft_putendl_fd.c -o ft_putendl_fd.o
gcc  -c ft_putnbr_fd.c -o ft_putnbr_fd.o
gcc  -c ft_putstr.c -o ft_putstr.o
 
gcc  -c ft_putstr_fd.c -o ft_putstr_fd.o
gcc  -c ft_split.c -o ft_split.o
gcc  -c ft_strchr.c -o ft_strchr.o
gcc  -c ft_strdup.c -o ft_strdup.o
 
gcc  -c ft_strjoin.c -o ft_strjoin.o
gcc  -c ft_strlcat.c -o ft_strlcat.o
gcc  -c ft_strlcpy.c -o ft_strlcpy.o
gcc  -c ft_strlen.c -o ft_strlen.o
gcc  -c ft_strmapi.c -o ft_strmapi.o
gcc  -c ft_strncmp.c -o ft_strncmp.o
 
gcc  -c ft_strnstr.c -o ft_strnstr.o
gcc  -c ft_strrchr.c -o ft_strrchr.o
gcc  -c ft_strtrim.c -o ft_strtrim.o
gcc  -c ft_substr.c -o ft_substr.o
gcc  -c ft_tolower.c -o ft_tolower.o
gcc  -c ft_toupper.c -o ft_toupper.o
 
ar csr libft.a ./ft_atoi.o ./ft_bzero.o ./ft_calloc.o ./ft_isalnum.o ./ft_isalpha.o ./ft_isascii.o ./ft_isdigit.o ./ft_isprint.o ./ft_itoa.o ./ft_memccpy.o ./ft_memchr.o ./ft_memcmp.o ./ft_memcpy.o ./ft_memset.o ./ft_putendl_fd.o ./ft_putnbr_fd.o ./ft_putstr.o ./ft_putstr_fd.o ./ft_split.o ./ft_strchr.o ./ft_strdup.o ./ft_strjoin.o ./ft_strlcat.o ./ft_strlcpy.o ./ft_strlen.o ./ft_strmapi.o ./ft_strncmp.o ./ft_strnstr.o ./ft_strrchr.o ./ft_strtrim.o ./ft_substr.o ./ft_tolower.o ./ft_toupper.o
make[1]: Leaving directory `/Users/aapresya/Desktop/so_long/libft'
 
mv mlx/libmlx.dylib .
echo [so_long] Compiling so_long...
gcc check_map.o check_map_utils.o exit.o ft_render.o ft_render_utils1.o ft_render_utils2.o get_next_line.o main.o read_map.o sprites.o -O3 -Wall -Wextra -Werror -Lmlx -lmlx -framework OpenGL -framework AppKit -lm ./libft/libft.a libmlx.dylib -o so_long
echo [so_long] so_long successfully compiled. Run ./so_long \*.ber to read from a map. 
 
make: Leaving directory `/Users/aapresya/Desktop/so_long'
 
